<?xml version="1.0" encoding="UTF-8"?>
<!-- Generated by org.testng.reporters.JUnitXMLReporter -->
<testsuite ignored="0" hostname="IRFAN" failures="0" tests="4" name="Default test" time="12.277" errors="0" timestamp="2021-11-19T21:34:20 IST">
  <testcase classname="com.qa.learn.testng.ProjectStructure.AccountsPageTest" name="accountPageHeadersTest" time="2.633"/>
  <testcase classname="com.qa.learn.testng.ProjectStructure.AccountsPageTest" name="accountPageUrlTest" time="0.013"/>
  <testcase classname="com.qa.learn.testng.ProjectStructure.AccountsPageTest" name="accountsPageFootersTest" time="0.21"/>
  <testcase classname="com.qa.learn.testng.ProjectStructure.AccountsPageTest" name="accountsPageList" time="0.239"/>
</testsuite> <!-- Default test -->
