<?xml version="1.0" encoding="UTF-8"?>
<testng-results ignored="0" total="4" passed="4" failed="0" skipped="0">
  <reporter-output>
  </reporter-output>
  <suite started-at="2021-11-19T21:34:08 IST" name="Default suite" finished-at="2021-11-19T21:34:20 IST" duration-ms="12277">
    <groups>
    </groups>
    <test started-at="2021-11-19T21:34:08 IST" name="Default test" finished-at="2021-11-19T21:34:20 IST" duration-ms="12277">
      <class name="com.qa.learn.testng.ProjectStructure.AccountsPageTest">
        <test-method is-config="true" signature="setUp()[pri:0, instance:com.qa.learn.testng.ProjectStructure.AccountsPageTest@50a638b5]" started-at="2021-11-19T21:34:08 IST" name="setUp" finished-at="2021-11-19T21:34:14 IST" duration-ms="5819" status="PASS">
          <reporter-output>
          </reporter-output>
        </test-method> <!-- setUp -->
        <test-method is-config="true" signature="accountsPageSetup()[pri:0, instance:com.qa.learn.testng.ProjectStructure.AccountsPageTest@50a638b5]" started-at="2021-11-19T21:34:14 IST" name="accountsPageSetup" finished-at="2021-11-19T21:34:17 IST" duration-ms="3114" status="PASS">
          <reporter-output>
          </reporter-output>
        </test-method> <!-- accountsPageSetup -->
        <test-method signature="accountPageHeadersTest()[pri:0, instance:com.qa.learn.testng.ProjectStructure.AccountsPageTest@50a638b5]" started-at="2021-11-19T21:34:17 IST" name="accountPageHeadersTest" finished-at="2021-11-19T21:34:20 IST" duration-ms="2633" status="PASS">
          <reporter-output>
          </reporter-output>
        </test-method> <!-- accountPageHeadersTest -->
        <test-method signature="accountPageUrlTest()[pri:0, instance:com.qa.learn.testng.ProjectStructure.AccountsPageTest@50a638b5]" started-at="2021-11-19T21:34:20 IST" name="accountPageUrlTest" finished-at="2021-11-19T21:34:20 IST" duration-ms="13" status="PASS">
          <reporter-output>
          </reporter-output>
        </test-method> <!-- accountPageUrlTest -->
        <test-method signature="accountsPageFootersTest()[pri:0, instance:com.qa.learn.testng.ProjectStructure.AccountsPageTest@50a638b5]" started-at="2021-11-19T21:34:20 IST" name="accountsPageFootersTest" finished-at="2021-11-19T21:34:20 IST" duration-ms="210" status="PASS">
          <reporter-output>
          </reporter-output>
        </test-method> <!-- accountsPageFootersTest -->
        <test-method signature="accountsPageList()[pri:0, instance:com.qa.learn.testng.ProjectStructure.AccountsPageTest@50a638b5]" started-at="2021-11-19T21:34:20 IST" name="accountsPageList" finished-at="2021-11-19T21:34:20 IST" duration-ms="239" status="PASS">
          <reporter-output>
          </reporter-output>
        </test-method> <!-- accountsPageList -->
        <test-method is-config="true" signature="tearDown()[pri:0, instance:com.qa.learn.testng.ProjectStructure.AccountsPageTest@50a638b5]" started-at="2021-11-19T21:34:20 IST" name="tearDown" finished-at="2021-11-19T21:34:20 IST" duration-ms="206" status="PASS">
          <reporter-output>
          </reporter-output>
        </test-method> <!-- tearDown -->
      </class> <!-- com.qa.learn.testng.ProjectStructure.AccountsPageTest -->
    </test> <!-- Default test -->
  </suite> <!-- Default suite -->
</testng-results>
